<?xml version="1.0" encoding="UTF-8"?>
<testng-results skipped="0" failed="0" ignored="0" total="2" passed="2">
  <reporter-output>
  </reporter-output>
  <suite name="Default suite" duration-ms="64874" started-at="2019-10-15T00:34:20 EDT" finished-at="2019-10-15T00:35:25 EDT">
    <groups>
    </groups>
    <test name="Default test" duration-ms="64874" started-at="2019-10-15T00:34:20 EDT" finished-at="2019-10-15T00:35:25 EDT">
      <class name="com.training.sanity.tests.RETC_080_AddProperty">
        <test-method status="PASS" signature="setUpBeforeClass()[pri:0, instance:com.training.sanity.tests.RETC_080_AddProperty@4201c465]" name="setUpBeforeClass" is-config="true" duration-ms="8697" started-at="2019-10-15T00:34:20 EDT" finished-at="2019-10-15T00:34:29 EDT">
          <reporter-output>
          </reporter-output>
        </test-method> <!-- setUpBeforeClass -->
        <test-method status="PASS" signature="validLoginTest()[pri:0, instance:com.training.sanity.tests.RETC_080_AddProperty@4201c465]" name="validLoginTest" duration-ms="5268" started-at="2019-10-15T00:34:29 EDT" finished-at="2019-10-15T00:34:34 EDT">
          <reporter-output>
          </reporter-output>
        </test-method> <!-- validLoginTest -->
        <test-method status="PASS" signature="addProperty()[pri:1, instance:com.training.sanity.tests.RETC_080_AddProperty@4201c465]" name="addProperty" duration-ms="50803" started-at="2019-10-15T00:34:34 EDT" finished-at="2019-10-15T00:35:25 EDT">
          <reporter-output>
          </reporter-output>
        </test-method> <!-- addProperty -->
      </class> <!-- com.training.sanity.tests.RETC_080_AddProperty -->
    </test> <!-- Default test -->
  </suite> <!-- Default suite -->
</testng-results>
