<?xml version="1.0" encoding="UTF-8"?>
<!-- Generated by org.testng.reporters.JUnitXMLReporter -->
<testsuite hostname="IBMADM-SG916TS" ignored="0" name="Default test" tests="4" failures="0" timestamp="26 Sep 2019 04:21:24 GMT" time="47.674" errors="0">
  <testcase name="validLoginTest" time="7.35" classname="com.training.sanity.tests.LoginNAddDeleteCategoryNTag"/>
  <testcase name="SelectDeleteCategory" time="14.169" classname="com.training.sanity.tests.LoginNAddDeleteCategoryNTag"/>
  <testcase name="SelectAddNewTags" time="5.024" classname="com.training.sanity.tests.LoginNAddDeleteCategoryNTag"/>
  <testcase name="TagDeletion" time="6.846" classname="com.training.sanity.tests.LoginNAddDeleteCategoryNTag"/>
</testsuite> <!-- Default test -->
